This file contains any messages produced by compilers while
running configure, to aid debugging if configure makes a mistake.

It was created by libltdl configure 2.2.6, which was
generated by GNU Autoconf 2.61.  Invocation command line was

  $ ./configure --disable-option-checking --prefix=/usr --with-modules=mod_readme:mod_auth_pam:mod_tls:mod_proxy_protocol:mod_sftp:mod_ifsession:mod_ctrls_admin:mod_tls_shmcache --enable-openssl --enable-dso --enable-memcache --enable-nls --enable-ctrls --with-includes=/usr/include --with-libraries=/usr/lib --enable-ltdl-convenience --cache-file=/dev/null --srcdir=.

## --------- ##
## Platform. ##
## --------- ##

hostname = AIV-P-FTP01
uname -m = x86_64
uname -r = 5.14.0-427.13.1.el9_4.x86_64
uname -s = Linux
uname -v = #1 SMP PREEMPT_DYNAMIC Wed Apr 10 10:29:16 EDT 2024

/usr/bin/uname -p = x86_64
/bin/uname -X     = unknown

/bin/arch              = x86_64
/usr/bin/arch -k       = unknown
/usr/convex/getsysinfo = unknown
/usr/bin/hostinfo      = unknown
/bin/machine           = unknown
/usr/bin/oslevel       = unknown
/bin/universe          = unknown

PATH: /root/.local/bin
PATH: /root/bin
PATH: /usr/local/sbin
PATH: /sbin
PATH: /bin
PATH: /usr/sbin
PATH: /usr/bin


## ----------- ##
## Core tests. ##
## ----------- ##

configure:1830: loading site script /usr/share/config.site
| # This is the config.site file to satisfy FHS defaults when installing below
| # /usr.
| #
| # You may override this file by your config.site using the CONFIG_SITE env
| # variable.
| #
| # Note: This file includes also RHEL/Fedora fix for installing libraries into
| # "/lib/lib64" on 64bit systems.
| 
| if test -n "$host"; then
|     # skip when cross-compiling
|     return 0
| fi
| 
| if test "$prefix" = /usr \
|    || { test "$prefix" = NONE && test "$ac_default_prefix" = /usr ; }
| then
|     test "$sysconfdir" = '${prefix}/etc' && sysconfdir=/etc
|     test "$sharedstatedir" = '${prefix}/com' && sharedstatedir=/var
|     test "$localstatedir" = '${prefix}/var' && localstatedir=/var
| 
|     ARCH=`uname -m`
|     for i in x86_64 ppc64 s390x aarch64; do
|         if test $ARCH = $i; then
|             test "$libdir" = '${exec_prefix}/lib' && libdir='${exec_prefix}/lib64'
|             break
|         fi
|     done
| fi
configure:1996: checking for a BSD-compatible install
configure:2052: result: /bin/install -c
configure:2063: checking whether build environment is sane
configure:2106: result: yes
configure:2134: checking for a thread-safe mkdir -p
configure:2173: result: /bin/mkdir -p
configure:2186: checking for gawk
configure:2202: found /bin/gawk
configure:2213: result: gawk
configure:2224: checking whether make sets $(MAKE)
configure:2245: result: yes
configure:2475: checking build system type
configure:2493: result: x86_64-pc-linux-gnu
configure:2515: checking host system type
configure:2530: result: x86_64-pc-linux-gnu
configure:2564: checking for style of include used by make
configure:2592: result: GNU
configure:2662: checking for gcc
configure:2678: found /bin/gcc
configure:2689: result: gcc
configure:2927: checking for C compiler version
configure:2934: gcc --version >&5
gcc (GCC) 11.5.0 20240719 (Red Hat 11.5.0-2)
Copyright (C) 2021 Free Software Foundation, Inc.
This is free software; see the source for copying conditions.  There is NO
warranty; not even for MERCHANTABILITY or FITNESS FOR A PARTICULAR PURPOSE.

configure:2937: $? = 0
configure:2944: gcc -v >&5
Using built-in specs.
COLLECT_GCC=gcc
COLLECT_LTO_WRAPPER=/usr/libexec/gcc/x86_64-redhat-linux/11/lto-wrapper
OFFLOAD_TARGET_NAMES=nvptx-none
OFFLOAD_TARGET_DEFAULT=1
Target: x86_64-redhat-linux
Configured with: ../configure --enable-bootstrap --enable-host-pie --enable-host-bind-now --enable-languages=c,c++,fortran,lto --prefix=/usr --mandir=/usr/share/man --infodir=/usr/share/info --with-bugurl=http://bugzilla.redhat.com/bugzilla --enable-shared --enable-threads=posix --enable-checking=release --with-system-zlib --enable-__cxa_atexit --disable-libunwind-exceptions --enable-gnu-unique-object --enable-linker-build-id --with-gcc-major-version-only --enable-plugin --enable-initfini-array --without-isl --enable-multilib --with-linker-hash-style=gnu --enable-offload-targets=nvptx-none --without-cuda-driver --enable-gnu-indirect-function --enable-cet --with-tune=generic --with-arch_64=x86-64-v2 --with-arch_32=x86-64 --build=x86_64-redhat-linux --with-build-config=bootstrap-lto --enable-link-serialization=1
Thread model: posix
Supported LTO compression algorithms: zlib zstd
gcc version 11.5.0 20240719 (Red Hat 11.5.0-2) (GCC) 
configure:2947: $? = 0
configure:2954: gcc -V >&5
gcc: error: unrecognized command-line option '-V'
gcc: fatal error: no input files
compilation terminated.
configure:2957: $? = 1
configure:2980: checking for C compiler default output file name
configure:3007: gcc    conftest.c  >&5
configure:3010: $? = 0
configure:3048: result: a.out
configure:3065: checking whether the C compiler works
configure:3075: ./a.out
configure:3078: $? = 0
configure:3095: result: yes
configure:3102: checking whether we are cross compiling
configure:3104: result: no
configure:3107: checking for suffix of executables
configure:3114: gcc -o conftest    conftest.c  >&5
configure:3117: $? = 0
configure:3141: result: 
configure:3147: checking for suffix of object files
configure:3173: gcc -c   conftest.c >&5
configure:3176: $? = 0
configure:3199: result: o
configure:3203: checking whether we are using the GNU C compiler
configure:3232: gcc -c   conftest.c >&5
configure:3238: $? = 0
configure:3255: result: yes
configure:3260: checking whether gcc accepts -g
configure:3290: gcc -c -g  conftest.c >&5
configure:3296: $? = 0
configure:3395: result: yes
configure:3412: checking for gcc option to accept ISO C89
configure:3486: gcc  -c -g -O2  conftest.c >&5
configure:3492: $? = 0
configure:3515: result: none needed
configure:3535: checking dependency style of gcc
configure:3626: result: gcc3
configure:3641: checking for a sed that does not truncate output
configure:3720: result: /bin/sed
configure:3738: checking for grep that handles long lines and -e
configure:3812: result: /bin/grep
configure:3817: checking for egrep
configure:3895: result: /bin/grep -E
configure:3900: checking for fgrep
configure:3978: result: /bin/grep -F
configure:4013: checking for ld used by gcc
configure:4080: result: /bin/ld
configure:4089: checking if the linker (/bin/ld) is GNU ld
configure:4104: result: yes
configure:4116: checking for BSD- or MS-compatible name lister (nm)
configure:4165: result: /bin/nm -B
configure:4287: checking the name lister (/bin/nm -B) interface
configure:4294: gcc -c -g -O2  conftest.c >&5
configure:4297: /bin/nm -B "conftest.o"
configure:4300: output
0000000000000000 B some_variable
configure:4307: result: BSD nm
configure:4310: checking whether ln -s works
configure:4314: result: yes
configure:4322: checking the maximum length of command line arguments
configure:4442: result: 1572864
configure:4459: checking whether the shell understands some XSI constructs
configure:4469: result: yes
configure:4473: checking whether the shell understands "+="
configure:4479: result: yes
configure:4514: checking for /bin/ld option to reload object files
configure:4521: result: -r
configure:4590: checking for objdump
configure:4606: found /bin/objdump
configure:4617: result: objdump
configure:4650: checking how to recognize dependent libraries
configure:4846: result: pass_all
configure:4906: checking for ar
configure:4922: found /bin/ar
configure:4933: result: ar
configure:5015: checking for strip
configure:5031: found /bin/strip
configure:5042: result: strip
configure:5118: checking for ranlib
configure:5134: found /bin/ranlib
configure:5145: result: ranlib
configure:5239: checking command to parse /bin/nm -B output from gcc object
configure:5357: gcc -c -g -O2  conftest.c >&5
configure:5360: $? = 0
configure:5364: /bin/nm -B conftest.o \| sed -n -e 's/^.*[	 ]\([ABCDGIRSTW][ABCDGIRSTW]*\)[	 ][	 ]*\([_A-Za-z][_A-Za-z0-9]*\)$/\1 \2 \2/p' \> conftest.nm
configure:5367: $? = 0
configure:5421: gcc -o conftest -g -O2   conftest.c conftstm.o >&5
configure:5424: $? = 0
configure:5462: result: ok
configure:5558: gcc -c -g -O2  conftest.c >&5
configure:5561: $? = 0
configure:6341: checking how to run the C preprocessor
configure:6381: gcc -E  conftest.c
configure:6387: $? = 0
configure:6418: gcc -E  conftest.c
conftest.c:10:10: fatal error: ac_nonexistent.h: No such file or directory
   10 | #include <ac_nonexistent.h>
      |          ^~~~~~~~~~~~~~~~~~
compilation terminated.
configure:6424: $? = 1
configure: failed program was:
| /* confdefs.h.  */
| #define PACKAGE_NAME "libltdl"
| #define PACKAGE_TARNAME "libltdl"
| #define PACKAGE_VERSION "2.2.6"
| #define PACKAGE_STRING "libltdl 2.2.6"
| #define PACKAGE_BUGREPORT "bug-libtool@gnu.org"
| #define PACKAGE "libltdl"
| #define VERSION "2.2.6"
| /* end confdefs.h.  */
| #include <ac_nonexistent.h>
configure:6457: result: gcc -E
configure:6486: gcc -E  conftest.c
configure:6492: $? = 0
configure:6523: gcc -E  conftest.c
conftest.c:10:10: fatal error: ac_nonexistent.h: No such file or directory
   10 | #include <ac_nonexistent.h>
      |          ^~~~~~~~~~~~~~~~~~
compilation terminated.
configure:6529: $? = 1
configure: failed program was:
| /* confdefs.h.  */
| #define PACKAGE_NAME "libltdl"
| #define PACKAGE_TARNAME "libltdl"
| #define PACKAGE_VERSION "2.2.6"
| #define PACKAGE_STRING "libltdl 2.2.6"
| #define PACKAGE_BUGREPORT "bug-libtool@gnu.org"
| #define PACKAGE "libltdl"
| #define VERSION "2.2.6"
| /* end confdefs.h.  */
| #include <ac_nonexistent.h>
configure:6567: checking for ANSI C header files
configure:6597: gcc -c -g -O2  conftest.c >&5
configure:6603: $? = 0
configure:6702: gcc -o conftest -g -O2   conftest.c  >&5
configure:6705: $? = 0
configure:6711: ./conftest
configure:6714: $? = 0
configure:6731: result: yes
configure:6755: checking for sys/types.h
configure:6776: gcc -c -g -O2  conftest.c >&5
configure:6782: $? = 0
configure:6798: result: yes
configure:6755: checking for sys/stat.h
configure:6776: gcc -c -g -O2  conftest.c >&5
configure:6782: $? = 0
configure:6798: result: yes
configure:6755: checking for stdlib.h
configure:6776: gcc -c -g -O2  conftest.c >&5
configure:6782: $? = 0
configure:6798: result: yes
configure:6755: checking for string.h
configure:6776: gcc -c -g -O2  conftest.c >&5
configure:6782: $? = 0
configure:6798: result: yes
configure:6755: checking for memory.h
configure:6776: gcc -c -g -O2  conftest.c >&5
configure:6782: $? = 0
configure:6798: result: yes
configure:6755: checking for strings.h
configure:6776: gcc -c -g -O2  conftest.c >&5
configure:6782: $? = 0
configure:6798: result: yes
configure:6755: checking for inttypes.h
configure:6776: gcc -c -g -O2  conftest.c >&5
configure:6782: $? = 0
configure:6798: result: yes
configure:6755: checking for stdint.h
configure:6776: gcc -c -g -O2  conftest.c >&5
configure:6782: $? = 0
configure:6798: result: yes
configure:6755: checking for unistd.h
configure:6776: gcc -c -g -O2  conftest.c >&5
configure:6782: $? = 0
configure:6798: result: yes
configure:6814: checking for dlfcn.h
configure:6835: gcc -c -g -O2  conftest.c >&5
configure:6841: $? = 0
configure:6857: result: yes
configure:7350: checking for objdir
configure:7365: result: .libs
configure:7661: checking if gcc supports -fno-rtti -fno-exceptions
configure:7679: gcc -c -g -O2  -fno-rtti -fno-exceptions conftest.c >&5
cc1: warning: command-line option '-fno-rtti' is valid for C++/D/ObjC++ but not for C
configure:7683: $? = 0
configure:7696: result: no
configure:7716: checking for gcc option to produce PIC
configure:7988: result: -fPIC -DPIC
configure:8000: checking if gcc PIC flag -fPIC -DPIC works
configure:8018: gcc -c -g -O2  -fPIC -DPIC -DPIC conftest.c >&5
configure:8022: $? = 0
configure:8035: result: yes
configure:8059: checking if gcc static flag -static works
configure:8087: result: no
configure:8102: checking if gcc supports -c -o file.o
configure:8123: gcc -c -g -O2  -o out/conftest2.o conftest.c >&5
configure:8127: $? = 0
configure:8149: result: yes
configure:8157: checking if gcc supports -c -o file.o
configure:8204: result: yes
configure:8237: checking whether the gcc linker (/bin/ld -m elf_x86_64) supports shared libraries
configure:9300: result: yes
configure:9337: checking whether -lc should be explicitly linked in
configure:9342: gcc -c -g -O2  conftest.c >&5
configure:9345: $? = 0
configure:9360: gcc -shared conftest.o  -v -Wl,-soname -Wl,conftest -o conftest 2\>\&1 \| /bin/grep  -lc  \>/dev/null 2\>\&1
configure:9363: $? = 0
configure:9375: result: no
configure:9539: checking dynamic linker characteristics
configure:9982: gcc -o conftest -g -O2   -Wl,-rpath -Wl,/foo conftest.c  >&5
configure:9988: $? = 0
configure:10230: result: GNU/Linux ld.so
configure:10332: checking how to hardcode library paths into programs
configure:10357: result: immediate
configure:10476: checking for shl_load
configure:10532: gcc -o conftest -g -O2   conftest.c  >&5
/bin/ld: /tmp/ccYpRu2T.o: in function `main':
/home/sdnubex/workspace/proftpd/lib/libltdl/conftest.c:56: undefined reference to `shl_load'
collect2: error: ld returned 1 exit status
configure:10538: $? = 1
configure: failed program was:
| /* confdefs.h.  */
| #define PACKAGE_NAME "libltdl"
| #define PACKAGE_TARNAME "libltdl"
| #define PACKAGE_VERSION "2.2.6"
| #define PACKAGE_STRING "libltdl 2.2.6"
| #define PACKAGE_BUGREPORT "bug-libtool@gnu.org"
| #define PACKAGE "libltdl"
| #define VERSION "2.2.6"
| #define STDC_HEADERS 1
| #define HAVE_SYS_TYPES_H 1
| #define HAVE_SYS_STAT_H 1
| #define HAVE_STDLIB_H 1
| #define HAVE_STRING_H 1
| #define HAVE_MEMORY_H 1
| #define HAVE_STRINGS_H 1
| #define HAVE_INTTYPES_H 1
| #define HAVE_STDINT_H 1
| #define HAVE_UNISTD_H 1
| #define HAVE_DLFCN_H 1
| #define LT_OBJDIR ".libs/"
| /* end confdefs.h.  */
| /* Define shl_load to an innocuous variant, in case <limits.h> declares shl_load.
|    For example, HP-UX 11i <limits.h> declares gettimeofday.  */
| #define shl_load innocuous_shl_load
| 
| /* System header to define __stub macros and hopefully few prototypes,
|     which can conflict with char shl_load (); below.
|     Prefer <limits.h> to <assert.h> if __STDC__ is defined, since
|     <limits.h> exists even on freestanding compilers.  */
| 
| #ifdef __STDC__
| # include <limits.h>
| #else
| # include <assert.h>
| #endif
| 
| #undef shl_load
| 
| /* Override any GCC internal prototype to avoid an error.
|    Use char because int might match the return type of a GCC
|    builtin and then its argument prototype would still apply.  */
| #ifdef __cplusplus
| extern "C"
| #endif
| char shl_load ();
| /* The GNU C library defines this for functions which it implements
|     to always fail with ENOSYS.  Some functions are actually named
|     something starting with __ and the normal name is an alias.  */
| #if defined __stub_shl_load || defined __stub___shl_load
| choke me
| #endif
| 
| int
| main ()
| {
| return shl_load ();
|   ;
|   return 0;
| }
configure:10555: result: no
configure:10560: checking for shl_load in -ldld
configure:10595: gcc -o conftest -g -O2   conftest.c -ldld   >&5
/bin/ld: cannot find -ldld
collect2: error: ld returned 1 exit status
configure:10601: $? = 1
configure: failed program was:
| /* confdefs.h.  */
| #define PACKAGE_NAME "libltdl"
| #define PACKAGE_TARNAME "libltdl"
| #define PACKAGE_VERSION "2.2.6"
| #define PACKAGE_STRING "libltdl 2.2.6"
| #define PACKAGE_BUGREPORT "bug-libtool@gnu.org"
| #define PACKAGE "libltdl"
| #define VERSION "2.2.6"
| #define STDC_HEADERS 1
| #define HAVE_SYS_TYPES_H 1
| #define HAVE_SYS_STAT_H 1
| #define HAVE_STDLIB_H 1
| #define HAVE_STRING_H 1
| #define HAVE_MEMORY_H 1
| #define HAVE_STRINGS_H 1
| #define HAVE_INTTYPES_H 1
| #define HAVE_STDINT_H 1
| #define HAVE_UNISTD_H 1
| #define HAVE_DLFCN_H 1
| #define LT_OBJDIR ".libs/"
| /* end confdefs.h.  */
| 
| /* Override any GCC internal prototype to avoid an error.
|    Use char because int might match the return type of a GCC
|    builtin and then its argument prototype would still apply.  */
| #ifdef __cplusplus
| extern "C"
| #endif
| char shl_load ();
| int
| main ()
| {
| return shl_load ();
|   ;
|   return 0;
| }
configure:10619: result: no
configure:10624: checking for dlopen
configure:10680: gcc -o conftest -g -O2   conftest.c  >&5
configure:10686: $? = 0
configure:10703: result: yes
configure:10936: checking whether a program can dlopen itself
configure:11006: gcc -o conftest -g -O2  -DHAVE_DLFCN_H  -Wl,--export-dynamic conftest.c   >&5
configure:11009: $? = 0
configure:11027: result: yes
configure:11032: checking whether a statically linked program can dlopen itself
configure:11102: gcc -o conftest -g -O2  -DHAVE_DLFCN_H  -Wl,--export-dynamic  conftest.c   >&5
configure:11105: $? = 0
configure:11123: result: yes
configure:11162: checking whether stripping libraries is possible
configure:11167: result: yes
configure:11202: checking if libtool supports shared libraries
configure:11204: result: yes
configure:11207: checking whether to build shared libraries
configure:11228: result: yes
configure:11231: checking whether to build static libraries
configure:11235: result: yes
configure:11270: checking which extension is used for runtime loadable modules
configure:11280: result: .so
configure:11290: checking which variable specifies run-time module search path
configure:11297: result: LD_LIBRARY_PATH
configure:11307: checking for the default library search path
configure:11314: result: /lib /usr/lib /usr/lib64/dyninst /usr/lib64/pipewire-0.3/jack/ 
configure:11344: checking for library containing dlopen
configure:11385: gcc -o conftest -g -O2   conftest.c  >&5
configure:11391: $? = 0
configure:11419: result: none required
configure:11567: checking for dlerror
configure:11623: gcc -o conftest -g -O2   conftest.c   >&5
configure:11629: $? = 0
configure:11647: result: yes
configure:11662: checking for shl_load
configure:11741: result: no
configure:11751: checking for shl_load in -ldld
configure:11810: result: no
configure:11997: checking for dld_link in -ldld
configure:12032: gcc -o conftest -g -O2   conftest.c -ldld   >&5
/bin/ld: cannot find -ldld
collect2: error: ld returned 1 exit status
configure:12038: $? = 1
configure: failed program was:
| /* confdefs.h.  */
| #define PACKAGE_NAME "libltdl"
| #define PACKAGE_TARNAME "libltdl"
| #define PACKAGE_VERSION "2.2.6"
| #define PACKAGE_STRING "libltdl 2.2.6"
| #define PACKAGE_BUGREPORT "bug-libtool@gnu.org"
| #define PACKAGE "libltdl"
| #define VERSION "2.2.6"
| #define STDC_HEADERS 1
| #define HAVE_SYS_TYPES_H 1
| #define HAVE_SYS_STAT_H 1
| #define HAVE_STDLIB_H 1
| #define HAVE_STRING_H 1
| #define HAVE_MEMORY_H 1
| #define HAVE_STRINGS_H 1
| #define HAVE_INTTYPES_H 1
| #define HAVE_STDINT_H 1
| #define HAVE_UNISTD_H 1
| #define HAVE_DLFCN_H 1
| #define LT_OBJDIR ".libs/"
| #define LT_MODULE_EXT ".so"
| #define LT_MODULE_PATH_VAR "LD_LIBRARY_PATH"
| #define LT_DLSEARCH_PATH "/lib:/usr/lib:/usr/lib64/dyninst:/usr/lib64/pipewire-0.3/jack/"
| #define HAVE_LIBDL 1
| #define HAVE_DLERROR 1
| /* end confdefs.h.  */
| 
| /* Override any GCC internal prototype to avoid an error.
|    Use char because int might match the return type of a GCC
|    builtin and then its argument prototype would still apply.  */
| #ifdef __cplusplus
| extern "C"
| #endif
| char dld_link ();
| int
| main ()
| {
| return dld_link ();
|   ;
|   return 0;
| }
configure:12056: result: no
configure:12094: checking for _ prefix in compiled symbols
configure:12104: gcc -c -g -O2  conftest.c >&5
configure:12107: $? = 0
configure:12111: /bin/nm -B conftest.o \| sed -n -e 's/^.*[	 ]\([ABCDGIRSTW][ABCDGIRSTW]*\)[	 ][	 ]*\([_A-Za-z][_A-Za-z0-9]*\)$/\1 \2 \2/p' \> conftest.nm
configure:12114: $? = 0
configure:12136: result: no
configure:12252: checking whether deplibs are loaded by dlopen
configure:12346: result: yes
configure:12362: checking for argz.h
configure:12383: gcc -c -g -O2  conftest.c >&5
configure:12389: $? = 0
configure:12405: result: yes
configure:12417: checking for error_t
configure:12450: gcc -c -g -O2  conftest.c >&5
configure:12456: $? = 0
configure:12471: result: yes
configure:12506: checking for argz_add
configure:12562: gcc -o conftest -g -O2   conftest.c  >&5
configure:12568: $? = 0
configure:12586: result: yes
configure:12506: checking for argz_append
configure:12562: gcc -o conftest -g -O2   conftest.c  >&5
configure:12568: $? = 0
configure:12586: result: yes
configure:12506: checking for argz_count
configure:12562: gcc -o conftest -g -O2   conftest.c  >&5
configure:12568: $? = 0
configure:12586: result: yes
configure:12506: checking for argz_create_sep
configure:12562: gcc -o conftest -g -O2   conftest.c  >&5
configure:12568: $? = 0
configure:12586: result: yes
configure:12506: checking for argz_insert
configure:12562: gcc -o conftest -g -O2   conftest.c  >&5
configure:12568: $? = 0
configure:12586: result: yes
configure:12506: checking for argz_next
configure:12562: gcc -o conftest -g -O2   conftest.c  >&5
configure:12568: $? = 0
configure:12586: result: yes
configure:12506: checking for argz_stringify
configure:12562: gcc -o conftest -g -O2   conftest.c  >&5
configure:12568: $? = 0
configure:12586: result: yes
configure:12605: checking if argz actually works
configure:12636: result: yes
configure:12659: checking whether libtool supports -dlopen/-dlpreopen
configure:12671: result: yes
configure:12732: checking for unistd.h
configure:12775: result: yes
configure:12732: checking for dl.h
configure:12753: gcc -c -g -O2  conftest.c >&5
conftest.c:74:10: fatal error: dl.h: No such file or directory
   74 | #include <dl.h>
      |          ^~~~~~
compilation terminated.
configure:12759: $? = 1
configure: failed program was:
| /* confdefs.h.  */
| #define PACKAGE_NAME "libltdl"
| #define PACKAGE_TARNAME "libltdl"
| #define PACKAGE_VERSION "2.2.6"
| #define PACKAGE_STRING "libltdl 2.2.6"
| #define PACKAGE_BUGREPORT "bug-libtool@gnu.org"
| #define PACKAGE "libltdl"
| #define VERSION "2.2.6"
| #define STDC_HEADERS 1
| #define HAVE_SYS_TYPES_H 1
| #define HAVE_SYS_STAT_H 1
| #define HAVE_STDLIB_H 1
| #define HAVE_STRING_H 1
| #define HAVE_MEMORY_H 1
| #define HAVE_STRINGS_H 1
| #define HAVE_INTTYPES_H 1
| #define HAVE_STDINT_H 1
| #define HAVE_UNISTD_H 1
| #define HAVE_DLFCN_H 1
| #define LT_OBJDIR ".libs/"
| #define LT_MODULE_EXT ".so"
| #define LT_MODULE_PATH_VAR "LD_LIBRARY_PATH"
| #define LT_DLSEARCH_PATH "/lib:/usr/lib:/usr/lib64/dyninst:/usr/lib64/pipewire-0.3/jack/"
| #define HAVE_LIBDL 1
| #define HAVE_DLERROR 1
| #define HAVE_LIBDLLOADER 1
| #define HAVE_ARGZ_H 1
| #define HAVE_ERROR_T 1
| #define HAVE_ARGZ_ADD 1
| #define HAVE_ARGZ_APPEND 1
| #define HAVE_ARGZ_COUNT 1
| #define HAVE_ARGZ_CREATE_SEP 1
| #define HAVE_ARGZ_INSERT 1
| #define HAVE_ARGZ_NEXT 1
| #define HAVE_ARGZ_STRINGIFY 1
| #define HAVE_WORKING_ARGZ 1
| #define HAVE_PRELOADED_SYMBOLS 1
| #define HAVE_UNISTD_H 1
| /* end confdefs.h.  */
| #include <stdio.h>
| #ifdef HAVE_SYS_TYPES_H
| # include <sys/types.h>
| #endif
| #ifdef HAVE_SYS_STAT_H
| # include <sys/stat.h>
| #endif
| #ifdef STDC_HEADERS
| # include <stdlib.h>
| # include <stddef.h>
| #else
| # ifdef HAVE_STDLIB_H
| #  include <stdlib.h>
| # endif
| #endif
| #ifdef HAVE_STRING_H
| # if !defined STDC_HEADERS && defined HAVE_MEMORY_H
| #  include <memory.h>
| # endif
| # include <string.h>
| #endif
| #ifdef HAVE_STRINGS_H
| # include <strings.h>
| #endif
| #ifdef HAVE_INTTYPES_H
| # include <inttypes.h>
| #endif
| #ifdef HAVE_STDINT_H
| # include <stdint.h>
| #endif
| #ifdef HAVE_UNISTD_H
| # include <unistd.h>
| #endif
| 
| #include <dl.h>
configure:12775: result: no
configure:12732: checking for sys/dl.h
configure:12753: gcc -c -g -O2  conftest.c >&5
conftest.c:74:10: fatal error: sys/dl.h: No such file or directory
   74 | #include <sys/dl.h>
      |          ^~~~~~~~~~
compilation terminated.
configure:12759: $? = 1
configure: failed program was:
| /* confdefs.h.  */
| #define PACKAGE_NAME "libltdl"
| #define PACKAGE_TARNAME "libltdl"
| #define PACKAGE_VERSION "2.2.6"
| #define PACKAGE_STRING "libltdl 2.2.6"
| #define PACKAGE_BUGREPORT "bug-libtool@gnu.org"
| #define PACKAGE "libltdl"
| #define VERSION "2.2.6"
| #define STDC_HEADERS 1
| #define HAVE_SYS_TYPES_H 1
| #define HAVE_SYS_STAT_H 1
| #define HAVE_STDLIB_H 1
| #define HAVE_STRING_H 1
| #define HAVE_MEMORY_H 1
| #define HAVE_STRINGS_H 1
| #define HAVE_INTTYPES_H 1
| #define HAVE_STDINT_H 1
| #define HAVE_UNISTD_H 1
| #define HAVE_DLFCN_H 1
| #define LT_OBJDIR ".libs/"
| #define LT_MODULE_EXT ".so"
| #define LT_MODULE_PATH_VAR "LD_LIBRARY_PATH"
| #define LT_DLSEARCH_PATH "/lib:/usr/lib:/usr/lib64/dyninst:/usr/lib64/pipewire-0.3/jack/"
| #define HAVE_LIBDL 1
| #define HAVE_DLERROR 1
| #define HAVE_LIBDLLOADER 1
| #define HAVE_ARGZ_H 1
| #define HAVE_ERROR_T 1
| #define HAVE_ARGZ_ADD 1
| #define HAVE_ARGZ_APPEND 1
| #define HAVE_ARGZ_COUNT 1
| #define HAVE_ARGZ_CREATE_SEP 1
| #define HAVE_ARGZ_INSERT 1
| #define HAVE_ARGZ_NEXT 1
| #define HAVE_ARGZ_STRINGIFY 1
| #define HAVE_WORKING_ARGZ 1
| #define HAVE_PRELOADED_SYMBOLS 1
| #define HAVE_UNISTD_H 1
| /* end confdefs.h.  */
| #include <stdio.h>
| #ifdef HAVE_SYS_TYPES_H
| # include <sys/types.h>
| #endif
| #ifdef HAVE_SYS_STAT_H
| # include <sys/stat.h>
| #endif
| #ifdef STDC_HEADERS
| # include <stdlib.h>
| # include <stddef.h>
| #else
| # ifdef HAVE_STDLIB_H
| #  include <stdlib.h>
| # endif
| #endif
| #ifdef HAVE_STRING_H
| # if !defined STDC_HEADERS && defined HAVE_MEMORY_H
| #  include <memory.h>
| # endif
| # include <string.h>
| #endif
| #ifdef HAVE_STRINGS_H
| # include <strings.h>
| #endif
| #ifdef HAVE_INTTYPES_H
| # include <inttypes.h>
| #endif
| #ifdef HAVE_STDINT_H
| # include <stdint.h>
| #endif
| #ifdef HAVE_UNISTD_H
| # include <unistd.h>
| #endif
| 
| #include <sys/dl.h>
configure:12775: result: no
configure:12732: checking for dld.h
configure:12753: gcc -c -g -O2  conftest.c >&5
conftest.c:74:10: fatal error: dld.h: No such file or directory
   74 | #include <dld.h>
      |          ^~~~~~~
compilation terminated.
configure:12759: $? = 1
configure: failed program was:
| /* confdefs.h.  */
| #define PACKAGE_NAME "libltdl"
| #define PACKAGE_TARNAME "libltdl"
| #define PACKAGE_VERSION "2.2.6"
| #define PACKAGE_STRING "libltdl 2.2.6"
| #define PACKAGE_BUGREPORT "bug-libtool@gnu.org"
| #define PACKAGE "libltdl"
| #define VERSION "2.2.6"
| #define STDC_HEADERS 1
| #define HAVE_SYS_TYPES_H 1
| #define HAVE_SYS_STAT_H 1
| #define HAVE_STDLIB_H 1
| #define HAVE_STRING_H 1
| #define HAVE_MEMORY_H 1
| #define HAVE_STRINGS_H 1
| #define HAVE_INTTYPES_H 1
| #define HAVE_STDINT_H 1
| #define HAVE_UNISTD_H 1
| #define HAVE_DLFCN_H 1
| #define LT_OBJDIR ".libs/"
| #define LT_MODULE_EXT ".so"
| #define LT_MODULE_PATH_VAR "LD_LIBRARY_PATH"
| #define LT_DLSEARCH_PATH "/lib:/usr/lib:/usr/lib64/dyninst:/usr/lib64/pipewire-0.3/jack/"
| #define HAVE_LIBDL 1
| #define HAVE_DLERROR 1
| #define HAVE_LIBDLLOADER 1
| #define HAVE_ARGZ_H 1
| #define HAVE_ERROR_T 1
| #define HAVE_ARGZ_ADD 1
| #define HAVE_ARGZ_APPEND 1
| #define HAVE_ARGZ_COUNT 1
| #define HAVE_ARGZ_CREATE_SEP 1
| #define HAVE_ARGZ_INSERT 1
| #define HAVE_ARGZ_NEXT 1
| #define HAVE_ARGZ_STRINGIFY 1
| #define HAVE_WORKING_ARGZ 1
| #define HAVE_PRELOADED_SYMBOLS 1
| #define HAVE_UNISTD_H 1
| /* end confdefs.h.  */
| #include <stdio.h>
| #ifdef HAVE_SYS_TYPES_H
| # include <sys/types.h>
| #endif
| #ifdef HAVE_SYS_STAT_H
| # include <sys/stat.h>
| #endif
| #ifdef STDC_HEADERS
| # include <stdlib.h>
| # include <stddef.h>
| #else
| # ifdef HAVE_STDLIB_H
| #  include <stdlib.h>
| # endif
| #endif
| #ifdef HAVE_STRING_H
| # if !defined STDC_HEADERS && defined HAVE_MEMORY_H
| #  include <memory.h>
| # endif
| # include <string.h>
| #endif
| #ifdef HAVE_STRINGS_H
| # include <strings.h>
| #endif
| #ifdef HAVE_INTTYPES_H
| # include <inttypes.h>
| #endif
| #ifdef HAVE_STDINT_H
| # include <stdint.h>
| #endif
| #ifdef HAVE_UNISTD_H
| # include <unistd.h>
| #endif
| 
| #include <dld.h>
configure:12775: result: no
configure:12732: checking for mach-o/dyld.h
configure:12753: gcc -c -g -O2  conftest.c >&5
conftest.c:74:10: fatal error: mach-o/dyld.h: No such file or directory
   74 | #include <mach-o/dyld.h>
      |          ^~~~~~~~~~~~~~~
compilation terminated.
configure:12759: $? = 1
configure: failed program was:
| /* confdefs.h.  */
| #define PACKAGE_NAME "libltdl"
| #define PACKAGE_TARNAME "libltdl"
| #define PACKAGE_VERSION "2.2.6"
| #define PACKAGE_STRING "libltdl 2.2.6"
| #define PACKAGE_BUGREPORT "bug-libtool@gnu.org"
| #define PACKAGE "libltdl"
| #define VERSION "2.2.6"
| #define STDC_HEADERS 1
| #define HAVE_SYS_TYPES_H 1
| #define HAVE_SYS_STAT_H 1
| #define HAVE_STDLIB_H 1
| #define HAVE_STRING_H 1
| #define HAVE_MEMORY_H 1
| #define HAVE_STRINGS_H 1
| #define HAVE_INTTYPES_H 1
| #define HAVE_STDINT_H 1
| #define HAVE_UNISTD_H 1
| #define HAVE_DLFCN_H 1
| #define LT_OBJDIR ".libs/"
| #define LT_MODULE_EXT ".so"
| #define LT_MODULE_PATH_VAR "LD_LIBRARY_PATH"
| #define LT_DLSEARCH_PATH "/lib:/usr/lib:/usr/lib64/dyninst:/usr/lib64/pipewire-0.3/jack/"
| #define HAVE_LIBDL 1
| #define HAVE_DLERROR 1
| #define HAVE_LIBDLLOADER 1
| #define HAVE_ARGZ_H 1
| #define HAVE_ERROR_T 1
| #define HAVE_ARGZ_ADD 1
| #define HAVE_ARGZ_APPEND 1
| #define HAVE_ARGZ_COUNT 1
| #define HAVE_ARGZ_CREATE_SEP 1
| #define HAVE_ARGZ_INSERT 1
| #define HAVE_ARGZ_NEXT 1
| #define HAVE_ARGZ_STRINGIFY 1
| #define HAVE_WORKING_ARGZ 1
| #define HAVE_PRELOADED_SYMBOLS 1
| #define HAVE_UNISTD_H 1
| /* end confdefs.h.  */
| #include <stdio.h>
| #ifdef HAVE_SYS_TYPES_H
| # include <sys/types.h>
| #endif
| #ifdef HAVE_SYS_STAT_H
| # include <sys/stat.h>
| #endif
| #ifdef STDC_HEADERS
| # include <stdlib.h>
| # include <stddef.h>
| #else
| # ifdef HAVE_STDLIB_H
| #  include <stdlib.h>
| # endif
| #endif
| #ifdef HAVE_STRING_H
| # if !defined STDC_HEADERS && defined HAVE_MEMORY_H
| #  include <memory.h>
| # endif
| # include <string.h>
| #endif
| #ifdef HAVE_STRINGS_H
| # include <strings.h>
| #endif
| #ifdef HAVE_INTTYPES_H
| # include <inttypes.h>
| #endif
| #ifdef HAVE_STDINT_H
| # include <stdint.h>
| #endif
| #ifdef HAVE_UNISTD_H
| # include <unistd.h>
| #endif
| 
| #include <mach-o/dyld.h>
configure:12775: result: no
configure:12732: checking for dirent.h
configure:12753: gcc -c -g -O2  conftest.c >&5
configure:12759: $? = 0
configure:12775: result: yes
configure:12793: checking for closedir
configure:12849: gcc -o conftest -g -O2   conftest.c  >&5
configure:12855: $? = 0
configure:12873: result: yes
configure:12793: checking for opendir
configure:12849: gcc -o conftest -g -O2   conftest.c  >&5
configure:12855: $? = 0
configure:12873: result: yes
configure:12793: checking for readdir
configure:12849: gcc -o conftest -g -O2   conftest.c  >&5
configure:12855: $? = 0
configure:12873: result: yes
configure:12895: checking for strlcat
configure:12951: gcc -o conftest -g -O2   conftest.c  >&5
/bin/ld: /tmp/ccvE5Yyh.o: in function `main':
/home/sdnubex/workspace/proftpd/lib/libltdl/conftest.c:78: undefined reference to `strlcat'
collect2: error: ld returned 1 exit status
configure:12957: $? = 1
configure: failed program was:
| /* confdefs.h.  */
| #define PACKAGE_NAME "libltdl"
| #define PACKAGE_TARNAME "libltdl"
| #define PACKAGE_VERSION "2.2.6"
| #define PACKAGE_STRING "libltdl 2.2.6"
| #define PACKAGE_BUGREPORT "bug-libtool@gnu.org"
| #define PACKAGE "libltdl"
| #define VERSION "2.2.6"
| #define STDC_HEADERS 1
| #define HAVE_SYS_TYPES_H 1
| #define HAVE_SYS_STAT_H 1
| #define HAVE_STDLIB_H 1
| #define HAVE_STRING_H 1
| #define HAVE_MEMORY_H 1
| #define HAVE_STRINGS_H 1
| #define HAVE_INTTYPES_H 1
| #define HAVE_STDINT_H 1
| #define HAVE_UNISTD_H 1
| #define HAVE_DLFCN_H 1
| #define LT_OBJDIR ".libs/"
| #define LT_MODULE_EXT ".so"
| #define LT_MODULE_PATH_VAR "LD_LIBRARY_PATH"
| #define LT_DLSEARCH_PATH "/lib:/usr/lib:/usr/lib64/dyninst:/usr/lib64/pipewire-0.3/jack/"
| #define HAVE_LIBDL 1
| #define HAVE_DLERROR 1
| #define HAVE_LIBDLLOADER 1
| #define HAVE_ARGZ_H 1
| #define HAVE_ERROR_T 1
| #define HAVE_ARGZ_ADD 1
| #define HAVE_ARGZ_APPEND 1
| #define HAVE_ARGZ_COUNT 1
| #define HAVE_ARGZ_CREATE_SEP 1
| #define HAVE_ARGZ_INSERT 1
| #define HAVE_ARGZ_NEXT 1
| #define HAVE_ARGZ_STRINGIFY 1
| #define HAVE_WORKING_ARGZ 1
| #define HAVE_PRELOADED_SYMBOLS 1
| #define HAVE_UNISTD_H 1
| #define HAVE_DIRENT_H 1
| #define HAVE_CLOSEDIR 1
| #define HAVE_OPENDIR 1
| #define HAVE_READDIR 1
| /* end confdefs.h.  */
| /* Define strlcat to an innocuous variant, in case <limits.h> declares strlcat.
|    For example, HP-UX 11i <limits.h> declares gettimeofday.  */
| #define strlcat innocuous_strlcat
| 
| /* System header to define __stub macros and hopefully few prototypes,
|     which can conflict with char strlcat (); below.
|     Prefer <limits.h> to <assert.h> if __STDC__ is defined, since
|     <limits.h> exists even on freestanding compilers.  */
| 
| #ifdef __STDC__
| # include <limits.h>
| #else
| # include <assert.h>
| #endif
| 
| #undef strlcat
| 
| /* Override any GCC internal prototype to avoid an error.
|    Use char because int might match the return type of a GCC
|    builtin and then its argument prototype would still apply.  */
| #ifdef __cplusplus
| extern "C"
| #endif
| char strlcat ();
| /* The GNU C library defines this for functions which it implements
|     to always fail with ENOSYS.  Some functions are actually named
|     something starting with __ and the normal name is an alias.  */
| #if defined __stub_strlcat || defined __stub___strlcat
| choke me
| #endif
| 
| int
| main ()
| {
| return strlcat ();
|   ;
|   return 0;
| }
configure:12975: result: no
configure:12895: checking for strlcpy
configure:12951: gcc -o conftest -g -O2   conftest.c  >&5
/bin/ld: /tmp/cc0IhXgv.o: in function `main':
/home/sdnubex/workspace/proftpd/lib/libltdl/conftest.c:78: undefined reference to `strlcpy'
collect2: error: ld returned 1 exit status
configure:12957: $? = 1
configure: failed program was:
| /* confdefs.h.  */
| #define PACKAGE_NAME "libltdl"
| #define PACKAGE_TARNAME "libltdl"
| #define PACKAGE_VERSION "2.2.6"
| #define PACKAGE_STRING "libltdl 2.2.6"
| #define PACKAGE_BUGREPORT "bug-libtool@gnu.org"
| #define PACKAGE "libltdl"
| #define VERSION "2.2.6"
| #define STDC_HEADERS 1
| #define HAVE_SYS_TYPES_H 1
| #define HAVE_SYS_STAT_H 1
| #define HAVE_STDLIB_H 1
| #define HAVE_STRING_H 1
| #define HAVE_MEMORY_H 1
| #define HAVE_STRINGS_H 1
| #define HAVE_INTTYPES_H 1
| #define HAVE_STDINT_H 1
| #define HAVE_UNISTD_H 1
| #define HAVE_DLFCN_H 1
| #define LT_OBJDIR ".libs/"
| #define LT_MODULE_EXT ".so"
| #define LT_MODULE_PATH_VAR "LD_LIBRARY_PATH"
| #define LT_DLSEARCH_PATH "/lib:/usr/lib:/usr/lib64/dyninst:/usr/lib64/pipewire-0.3/jack/"
| #define HAVE_LIBDL 1
| #define HAVE_DLERROR 1
| #define HAVE_LIBDLLOADER 1
| #define HAVE_ARGZ_H 1
| #define HAVE_ERROR_T 1
| #define HAVE_ARGZ_ADD 1
| #define HAVE_ARGZ_APPEND 1
| #define HAVE_ARGZ_COUNT 1
| #define HAVE_ARGZ_CREATE_SEP 1
| #define HAVE_ARGZ_INSERT 1
| #define HAVE_ARGZ_NEXT 1
| #define HAVE_ARGZ_STRINGIFY 1
| #define HAVE_WORKING_ARGZ 1
| #define HAVE_PRELOADED_SYMBOLS 1
| #define HAVE_UNISTD_H 1
| #define HAVE_DIRENT_H 1
| #define HAVE_CLOSEDIR 1
| #define HAVE_OPENDIR 1
| #define HAVE_READDIR 1
| /* end confdefs.h.  */
| /* Define strlcpy to an innocuous variant, in case <limits.h> declares strlcpy.
|    For example, HP-UX 11i <limits.h> declares gettimeofday.  */
| #define strlcpy innocuous_strlcpy
| 
| /* System header to define __stub macros and hopefully few prototypes,
|     which can conflict with char strlcpy (); below.
|     Prefer <limits.h> to <assert.h> if __STDC__ is defined, since
|     <limits.h> exists even on freestanding compilers.  */
| 
| #ifdef __STDC__
| # include <limits.h>
| #else
| # include <assert.h>
| #endif
| 
| #undef strlcpy
| 
| /* Override any GCC internal prototype to avoid an error.
|    Use char because int might match the return type of a GCC
|    builtin and then its argument prototype would still apply.  */
| #ifdef __cplusplus
| extern "C"
| #endif
| char strlcpy ();
| /* The GNU C library defines this for functions which it implements
|     to always fail with ENOSYS.  Some functions are actually named
|     something starting with __ and the normal name is an alias.  */
| #if defined __stub_strlcpy || defined __stub___strlcpy
| choke me
| #endif
| 
| int
| main ()
| {
| return strlcpy ();
|   ;
|   return 0;
| }
configure:12975: result: no
configure:13131: creating ./config.status

## ---------------------- ##
## Running config.status. ##
## ---------------------- ##

This file was extended by libltdl config.status 2.2.6, which was
generated by GNU Autoconf 2.61.  Invocation command line was

  CONFIG_FILES    = 
  CONFIG_HEADERS  = 
  CONFIG_LINKS    = 
  CONFIG_COMMANDS = 
  $ ./config.status 

on AIV-P-FTP01

config.status:866: creating Makefile
config.status:866: creating config.h
config.status:1164: executing depfiles commands
config.status:1164: executing libtool commands

## ---------------- ##
## Cache variables. ##
## ---------------- ##

ac_cv_build=x86_64-pc-linux-gnu
ac_cv_c_compiler_gnu=yes
ac_cv_env_CC_set=
ac_cv_env_CC_value=
ac_cv_env_CFLAGS_set=
ac_cv_env_CFLAGS_value=
ac_cv_env_CPPFLAGS_set=
ac_cv_env_CPPFLAGS_value=
ac_cv_env_CPP_set=
ac_cv_env_CPP_value=
ac_cv_env_LDFLAGS_set=
ac_cv_env_LDFLAGS_value=
ac_cv_env_LIBS_set=
ac_cv_env_LIBS_value=
ac_cv_env_build_alias_set=
ac_cv_env_build_alias_value=
ac_cv_env_host_alias_set=
ac_cv_env_host_alias_value=
ac_cv_env_target_alias_set=
ac_cv_env_target_alias_value=
ac_cv_func_argz_add=yes
ac_cv_func_argz_append=yes
ac_cv_func_argz_count=yes
ac_cv_func_argz_create_sep=yes
ac_cv_func_argz_insert=yes
ac_cv_func_argz_next=yes
ac_cv_func_argz_stringify=yes
ac_cv_func_closedir=yes
ac_cv_func_dlerror=yes
ac_cv_func_dlopen=yes
ac_cv_func_opendir=yes
ac_cv_func_readdir=yes
ac_cv_func_shl_load=no
ac_cv_func_strlcat=no
ac_cv_func_strlcpy=no
ac_cv_header_argz_h=yes
ac_cv_header_dirent_h=yes
ac_cv_header_dl_h=no
ac_cv_header_dld_h=no
ac_cv_header_dlfcn_h=yes
ac_cv_header_inttypes_h=yes
ac_cv_header_mach_o_dyld_h=no
ac_cv_header_memory_h=yes
ac_cv_header_stdc=yes
ac_cv_header_stdint_h=yes
ac_cv_header_stdlib_h=yes
ac_cv_header_string_h=yes
ac_cv_header_strings_h=yes
ac_cv_header_sys_dl_h=no
ac_cv_header_sys_stat_h=yes
ac_cv_header_sys_types_h=yes
ac_cv_header_unistd_h=yes
ac_cv_host=x86_64-pc-linux-gnu
ac_cv_lib_dld_dld_link=no
ac_cv_lib_dld_shl_load=no
ac_cv_objext=o
ac_cv_path_EGREP='/bin/grep -E'
ac_cv_path_FGREP='/bin/grep -F'
ac_cv_path_GREP=/bin/grep
ac_cv_path_SED=/bin/sed
ac_cv_path_install='/bin/install -c'
ac_cv_path_mkdir=/bin/mkdir
ac_cv_prog_AWK=gawk
ac_cv_prog_CPP='gcc -E'
ac_cv_prog_ac_ct_AR=ar
ac_cv_prog_ac_ct_CC=gcc
ac_cv_prog_ac_ct_OBJDUMP=objdump
ac_cv_prog_ac_ct_RANLIB=ranlib
ac_cv_prog_ac_ct_STRIP=strip
ac_cv_prog_cc_c89=
ac_cv_prog_cc_g=yes
ac_cv_prog_make_make_set=yes
ac_cv_search_dlopen='none required'
ac_cv_type_error_t=yes
am_cv_CC_dependencies_compiler_type=gcc3
libltdl_cv_lib_dl_dlopen=yes
libltdl_cv_preloaded_symbols=yes
libltdl_cv_shlibext=.so
lt_cv_deplibs_check_method=pass_all
lt_cv_dlopen=dlopen
lt_cv_dlopen_libs=
lt_cv_dlopen_self=yes
lt_cv_dlopen_self_static=yes
lt_cv_file_magic_cmd='$MAGIC_CMD'
lt_cv_file_magic_test_file=
lt_cv_ld_reload_flag=-r
lt_cv_module_path_var=LD_LIBRARY_PATH
lt_cv_nm_interface='BSD nm'
lt_cv_objdir=.libs
lt_cv_path_LD=/bin/ld
lt_cv_path_NM='/bin/nm -B'
lt_cv_prog_compiler_c_o=yes
lt_cv_prog_compiler_pic_works=yes
lt_cv_prog_compiler_rtti_exceptions=no
lt_cv_prog_compiler_static_works=no
lt_cv_prog_gnu_ld=yes
lt_cv_sys_argz_works=yes
lt_cv_sys_dlopen_deplibs=yes
lt_cv_sys_dlsearch_path='/lib /usr/lib /usr/lib64/dyninst /usr/lib64/pipewire-0.3/jack/ '
lt_cv_sys_global_symbol_pipe='sed -n -e '\''s/^.*[	 ]\([ABCDGIRSTW][ABCDGIRSTW]*\)[	 ][	 ]*\([_A-Za-z][_A-Za-z0-9]*\)$/\1 \2 \2/p'\'''
lt_cv_sys_global_symbol_to_c_name_address='sed -n -e '\''s/^: \([^ ]*\) $/  {\"\1\", (void *) 0},/p'\'' -e '\''s/^[ABCDGIRSTW]* \([^ ]*\) \([^ ]*\)$/  {"\2", (void *) \&\2},/p'\'''
lt_cv_sys_global_symbol_to_c_name_address_lib_prefix='sed -n -e '\''s/^: \([^ ]*\) $/  {\"\1\", (void *) 0},/p'\'' -e '\''s/^[ABCDGIRSTW]* \([^ ]*\) \(lib[^ ]*\)$/  {"\2", (void *) \&\2},/p'\'' -e '\''s/^[ABCDGIRSTW]* \([^ ]*\) \([^ ]*\)$/  {"lib\2", (void *) \&\2},/p'\'''
lt_cv_sys_global_symbol_to_cdecl='sed -n -e '\''s/^T .* \(.*\)$/extern int \1();/p'\'' -e '\''s/^[ABCDGIRSTW]* .* \(.*\)$/extern char \1;/p'\'''
lt_cv_sys_max_cmd_len=1572864
lt_cv_sys_symbol_underscore=no

## ----------------- ##
## Output variables. ##
## ----------------- ##

ACLOCAL='${SHELL} /home/sdnubex/workspace/proftpd/lib/libltdl/config/missing --run aclocal-1.10'
AMDEPBACKSLASH='\'
AMDEP_FALSE='#'
AMDEP_TRUE=''
AMTAR='${SHELL} /home/sdnubex/workspace/proftpd/lib/libltdl/config/missing --run tar'
AR='ar'
ARGZ_H=''
AS='as'
AUTOCONF='${SHELL} /home/sdnubex/workspace/proftpd/lib/libltdl/config/missing --run autoconf'
AUTOHEADER='${SHELL} /home/sdnubex/workspace/proftpd/lib/libltdl/config/missing --run autoheader'
AUTOMAKE='${SHELL} /home/sdnubex/workspace/proftpd/lib/libltdl/config/missing --run automake-1.10'
AWK='gawk'
CC='gcc'
CCDEPMODE='depmode=gcc3'
CFLAGS='-g -O2'
CONVENIENCE_LTDL_FALSE='#'
CONVENIENCE_LTDL_TRUE=''
CPP='gcc -E'
CPPFLAGS=''
CYGPATH_W='echo'
DEFS='-DHAVE_CONFIG_H'
DEPDIR='.deps'
DLLTOOL='dlltool'
DSYMUTIL=''
DUMPBIN=''
ECHO_C=''
ECHO_N='-n'
ECHO_T=''
EGREP='/bin/grep -E'
EXEEXT=''
FGREP='/bin/grep -F'
GREP='/bin/grep'
INSTALL_DATA='${INSTALL} -m 644'
INSTALL_LTDL_FALSE=''
INSTALL_LTDL_TRUE='#'
INSTALL_PROGRAM='${INSTALL}'
INSTALL_SCRIPT='${INSTALL}'
INSTALL_STRIP_PROGRAM='$(install_sh) -c -s'
LD='/bin/ld -m elf_x86_64'
LDFLAGS=''
LIBADD_DL=' '
LIBADD_DLD_LINK=''
LIBADD_DLOPEN=''
LIBADD_SHL_LOAD=''
LIBOBJS=' ${LIBOBJDIR}lt__strl$U.o'
LIBS=''
LIBTOOL='$(SHELL) $(top_builddir)/libtool'
LIPO=''
LN_S='ln -s'
LTDLOPEN='libltdl'
LTLIBOBJS=' ${LIBOBJDIR}lt__strl$U.lo'
LT_CONFIG_H='config.h'
LT_DLLOADERS=' dlopen.la'
LT_DLPREOPEN='-dlpreopen dlopen.la '
MAKEINFO='${SHELL} /home/sdnubex/workspace/proftpd/lib/libltdl/config/missing --run makeinfo'
NM='/bin/nm -B'
NMEDIT=''
OBJDUMP='objdump'
OBJEXT='o'
OTOOL64=''
OTOOL=''
PACKAGE='libltdl'
PACKAGE_BUGREPORT='bug-libtool@gnu.org'
PACKAGE_NAME='libltdl'
PACKAGE_STRING='libltdl 2.2.6'
PACKAGE_TARNAME='libltdl'
PACKAGE_VERSION='2.2.6'
PATH_SEPARATOR=':'
RANLIB='ranlib'
SED='/bin/sed'
SET_MAKE=''
SHELL='/bin/sh'
STRIP='strip'
VERSION='2.2.6'
ac_ct_CC='gcc'
ac_ct_DUMPBIN=''
am__fastdepCC_FALSE='#'
am__fastdepCC_TRUE=''
am__include='include'
am__isrc=''
am__leading_dot='.'
am__quote=''
am__tar='${AMTAR} chof - "$$tardir"'
am__untar='${AMTAR} xf -'
bindir='${exec_prefix}/bin'
build='x86_64-pc-linux-gnu'
build_alias=''
build_cpu='x86_64'
build_os='linux-gnu'
build_vendor='pc'
datadir='${datarootdir}'
datarootdir='${prefix}/share'
docdir='${datarootdir}/doc/${PACKAGE_TARNAME}'
dvidir='${docdir}'
exec_prefix='${prefix}'
host='x86_64-pc-linux-gnu'
host_alias=''
host_cpu='x86_64'
host_os='linux-gnu'
host_vendor='pc'
htmldir='${docdir}'
includedir='${prefix}/include'
infodir='${datarootdir}/info'
install_sh='$(SHELL) /home/sdnubex/workspace/proftpd/lib/libltdl/config/install-sh'
libdir='${exec_prefix}/lib64'
libexecdir='${exec_prefix}/libexec'
localedir='${datarootdir}/locale'
localstatedir='/var'
lt_ECHO='echo'
mandir='${datarootdir}/man'
mkdir_p='/bin/mkdir -p'
oldincludedir='/usr/include'
pdfdir='${docdir}'
prefix='/usr'
program_transform_name='s,x,x,'
psdir='${docdir}'
sbindir='${exec_prefix}/sbin'
sharedstatedir='/var'
sys_symbol_underscore='no'
sysconfdir='/etc'
target_alias=''

## ----------- ##
## confdefs.h. ##
## ----------- ##

#define PACKAGE_NAME "libltdl"
#define PACKAGE_TARNAME "libltdl"
#define PACKAGE_VERSION "2.2.6"
#define PACKAGE_STRING "libltdl 2.2.6"
#define PACKAGE_BUGREPORT "bug-libtool@gnu.org"
#define PACKAGE "libltdl"
#define VERSION "2.2.6"
#define STDC_HEADERS 1
#define HAVE_SYS_TYPES_H 1
#define HAVE_SYS_STAT_H 1
#define HAVE_STDLIB_H 1
#define HAVE_STRING_H 1
#define HAVE_MEMORY_H 1
#define HAVE_STRINGS_H 1
#define HAVE_INTTYPES_H 1
#define HAVE_STDINT_H 1
#define HAVE_UNISTD_H 1
#define HAVE_DLFCN_H 1
#define LT_OBJDIR ".libs/"
#define LT_MODULE_EXT ".so"
#define LT_MODULE_PATH_VAR "LD_LIBRARY_PATH"
#define LT_DLSEARCH_PATH "/lib:/usr/lib:/usr/lib64/dyninst:/usr/lib64/pipewire-0.3/jack/"
#define HAVE_LIBDL 1
#define HAVE_DLERROR 1
#define HAVE_LIBDLLOADER 1
#define HAVE_ARGZ_H 1
#define HAVE_ERROR_T 1
#define HAVE_ARGZ_ADD 1
#define HAVE_ARGZ_APPEND 1
#define HAVE_ARGZ_COUNT 1
#define HAVE_ARGZ_CREATE_SEP 1
#define HAVE_ARGZ_INSERT 1
#define HAVE_ARGZ_NEXT 1
#define HAVE_ARGZ_STRINGIFY 1
#define HAVE_WORKING_ARGZ 1
#define HAVE_PRELOADED_SYMBOLS 1
#define HAVE_UNISTD_H 1
#define HAVE_DIRENT_H 1
#define HAVE_CLOSEDIR 1
#define HAVE_OPENDIR 1
#define HAVE_READDIR 1
#define LT_LIBEXT "a"

configure: exit 0
