This file contains any messages produced by compilers while
running configure, to aid debugging if configure makes a mistake.

It was created by configure, which was
generated by GNU Autoconf 2.69.  Invocation command line was

  $ ./configure --disable-option-checking --prefix=/usr --with-modules=mod_readme:mod_auth_pam:mod_tls:mod_proxy_protocol:mod_sftp:mod_ifsession:mod_ctrls_admin:mod_tls_shmcache --enable-openssl --enable-dso --enable-memcache --enable-nls --enable-ctrls --with-includes=/usr/include --with-libraries=/usr/lib --enable-ltdl-convenience --cache-file=/dev/null --srcdir=.

## --------- ##
## Platform. ##
## --------- ##

hostname = AIV-P-FTP01
uname -m = x86_64
uname -r = 5.14.0-427.13.1.el9_4.x86_64
uname -s = Linux
uname -v = #1 SMP PREEMPT_DYNAMIC Wed Apr 10 10:29:16 EDT 2024

/usr/bin/uname -p = x86_64
/bin/uname -X     = unknown

/bin/arch              = x86_64
/usr/bin/arch -k       = unknown
/usr/convex/getsysinfo = unknown
/usr/bin/hostinfo      = unknown
/bin/machine           = unknown
/usr/bin/oslevel       = unknown
/bin/universe          = unknown

PATH: /root/.local/bin
PATH: /root/bin
PATH: /usr/local/sbin
PATH: /sbin
PATH: /bin
PATH: /usr/sbin
PATH: /usr/bin


## ----------- ##
## Core tests. ##
## ----------- ##

configure:1948: loading site script /usr/share/config.site
| # This is the config.site file to satisfy FHS defaults when installing below
| # /usr.
| #
| # You may override this file by your config.site using the CONFIG_SITE env
| # variable.
| #
| # Note: This file includes also RHEL/Fedora fix for installing libraries into
| # "/lib/lib64" on 64bit systems.
| 
| if test -n "$host"; then
|     # skip when cross-compiling
|     return 0
| fi
| 
| if test "$prefix" = /usr \
|    || { test "$prefix" = NONE && test "$ac_default_prefix" = /usr ; }
| then
|     test "$sysconfdir" = '${prefix}/etc' && sysconfdir=/etc
|     test "$sharedstatedir" = '${prefix}/com' && sharedstatedir=/var
|     test "$localstatedir" = '${prefix}/var' && localstatedir=/var
| 
|     ARCH=`uname -m`
|     for i in x86_64 ppc64 s390x aarch64; do
|         if test $ARCH = $i; then
|             test "$libdir" = '${exec_prefix}/lib' && libdir='${exec_prefix}/lib64'
|             break
|         fi
|     done
| fi
configure:2078: checking build system type
configure:2092: result: x86_64-pc-linux-gnu
configure:2112: checking host system type
configure:2125: result: x86_64-pc-linux-gnu
configure:2145: checking target system type
configure:2158: result: x86_64-pc-linux-gnu
configure:2236: checking for gcc
configure:2252: found /bin/gcc
configure:2263: result: gcc
configure:2492: checking for C compiler version
configure:2501: gcc --version >&5
gcc (GCC) 11.5.0 20240719 (Red Hat 11.5.0-2)
Copyright (C) 2021 Free Software Foundation, Inc.
This is free software; see the source for copying conditions.  There is NO
warranty; not even for MERCHANTABILITY or FITNESS FOR A PARTICULAR PURPOSE.

configure:2512: $? = 0
configure:2501: gcc -v >&5
Using built-in specs.
COLLECT_GCC=gcc
COLLECT_LTO_WRAPPER=/usr/libexec/gcc/x86_64-redhat-linux/11/lto-wrapper
OFFLOAD_TARGET_NAMES=nvptx-none
OFFLOAD_TARGET_DEFAULT=1
Target: x86_64-redhat-linux
Configured with: ../configure --enable-bootstrap --enable-host-pie --enable-host-bind-now --enable-languages=c,c++,fortran,lto --prefix=/usr --mandir=/usr/share/man --infodir=/usr/share/info --with-bugurl=http://bugzilla.redhat.com/bugzilla --enable-shared --enable-threads=posix --enable-checking=release --with-system-zlib --enable-__cxa_atexit --disable-libunwind-exceptions --enable-gnu-unique-object --enable-linker-build-id --with-gcc-major-version-only --enable-plugin --enable-initfini-array --without-isl --enable-multilib --with-linker-hash-style=gnu --enable-offload-targets=nvptx-none --without-cuda-driver --enable-gnu-indirect-function --enable-cet --with-tune=generic --with-arch_64=x86-64-v2 --with-arch_32=x86-64 --build=x86_64-redhat-linux --with-build-config=bootstrap-lto --enable-link-serialization=1
Thread model: posix
Supported LTO compression algorithms: zlib zstd
gcc version 11.5.0 20240719 (Red Hat 11.5.0-2) (GCC) 
... rest of stderr output deleted ...
configure:2512: $? = 0
configure:2501: gcc -V >&5
gcc: error: unrecognized command-line option '-V'
gcc: fatal error: no input files
compilation terminated.
configure:2512: $? = 1
configure:2501: gcc -qversion >&5
gcc: error: unrecognized command-line option '-qversion'; did you mean '--version'?
gcc: fatal error: no input files
compilation terminated.
configure:2512: $? = 1
configure:2532: checking whether the C compiler works
configure:2554: gcc    conftest.c  >&5
configure:2558: $? = 0
configure:2606: result: yes
configure:2609: checking for C compiler default output file name
configure:2611: result: a.out
configure:2617: checking for suffix of executables
configure:2624: gcc -o conftest    conftest.c  >&5
configure:2628: $? = 0
configure:2650: result: 
configure:2672: checking whether we are cross compiling
configure:2680: gcc -o conftest    conftest.c  >&5
configure:2684: $? = 0
configure:2691: ./conftest
configure:2695: $? = 0
configure:2710: result: no
configure:2715: checking for suffix of object files
configure:2737: gcc -c   conftest.c >&5
configure:2741: $? = 0
configure:2762: result: o
configure:2766: checking whether we are using the GNU C compiler
configure:2785: gcc -c   conftest.c >&5
configure:2785: $? = 0
configure:2794: result: yes
configure:2803: checking whether gcc accepts -g
configure:2823: gcc -c -g  conftest.c >&5
configure:2823: $? = 0
configure:2864: result: yes
configure:2881: checking for gcc option to accept ISO C89
configure:2944: gcc  -c -g -O2  conftest.c >&5
configure:2944: $? = 0
configure:2957: result: none needed
configure:2982: checking how to run the C preprocessor
configure:3013: gcc -E  conftest.c
configure:3013: $? = 0
configure:3027: gcc -E  conftest.c
conftest.c:9:10: fatal error: ac_nonexistent.h: No such file or directory
    9 | #include <ac_nonexistent.h>
      |          ^~~~~~~~~~~~~~~~~~
compilation terminated.
configure:3027: $? = 1
configure: failed program was:
| /* confdefs.h */
| #define PACKAGE_NAME ""
| #define PACKAGE_TARNAME ""
| #define PACKAGE_VERSION ""
| #define PACKAGE_STRING ""
| #define PACKAGE_BUGREPORT ""
| #define PACKAGE_URL ""
| /* end confdefs.h.  */
| #include <ac_nonexistent.h>
configure:3052: result: gcc -E
configure:3072: gcc -E  conftest.c
configure:3072: $? = 0
configure:3086: gcc -E  conftest.c
conftest.c:9:10: fatal error: ac_nonexistent.h: No such file or directory
    9 | #include <ac_nonexistent.h>
      |          ^~~~~~~~~~~~~~~~~~
compilation terminated.
configure:3086: $? = 1
configure: failed program was:
| /* confdefs.h */
| #define PACKAGE_NAME ""
| #define PACKAGE_TARNAME ""
| #define PACKAGE_VERSION ""
| #define PACKAGE_STRING ""
| #define PACKAGE_BUGREPORT ""
| #define PACKAGE_URL ""
| /* end confdefs.h.  */
| #include <ac_nonexistent.h>
configure:3116: checking for grep that handles long lines and -e
configure:3174: result: /bin/grep
configure:3179: checking for egrep
configure:3241: result: /bin/grep -E
configure:3246: checking for ANSI C header files
configure:3266: gcc -c -g -O2  conftest.c >&5
configure:3266: $? = 0
configure:3339: gcc -o conftest -g -O2   conftest.c  >&5
configure:3339: $? = 0
configure:3339: ./conftest
configure:3339: $? = 0
configure:3350: result: yes
configure:3363: checking for sys/types.h
configure:3363: gcc -c -g -O2  conftest.c >&5
configure:3363: $? = 0
configure:3363: result: yes
configure:3363: checking for sys/stat.h
configure:3363: gcc -c -g -O2  conftest.c >&5
configure:3363: $? = 0
configure:3363: result: yes
configure:3363: checking for stdlib.h
configure:3363: gcc -c -g -O2  conftest.c >&5
configure:3363: $? = 0
configure:3363: result: yes
configure:3363: checking for string.h
configure:3363: gcc -c -g -O2  conftest.c >&5
configure:3363: $? = 0
configure:3363: result: yes
configure:3363: checking for memory.h
configure:3363: gcc -c -g -O2  conftest.c >&5
configure:3363: $? = 0
configure:3363: result: yes
configure:3363: checking for strings.h
configure:3363: gcc -c -g -O2  conftest.c >&5
configure:3363: $? = 0
configure:3363: result: yes
configure:3363: checking for inttypes.h
configure:3363: gcc -c -g -O2  conftest.c >&5
configure:3363: $? = 0
configure:3363: result: yes
configure:3363: checking for stdint.h
configure:3363: gcc -c -g -O2  conftest.c >&5
configure:3363: $? = 0
configure:3363: result: yes
configure:3363: checking for unistd.h
configure:3363: gcc -c -g -O2  conftest.c >&5
configure:3363: $? = 0
configure:3363: result: yes
configure:3376: checking minix/config.h usability
configure:3376: gcc -c -g -O2  conftest.c >&5
conftest.c:52:10: fatal error: minix/config.h: No such file or directory
   52 | #include <minix/config.h>
      |          ^~~~~~~~~~~~~~~~
compilation terminated.
configure:3376: $? = 1
configure: failed program was:
| /* confdefs.h */
| #define PACKAGE_NAME ""
| #define PACKAGE_TARNAME ""
| #define PACKAGE_VERSION ""
| #define PACKAGE_STRING ""
| #define PACKAGE_BUGREPORT ""
| #define PACKAGE_URL ""
| #define STDC_HEADERS 1
| #define HAVE_SYS_TYPES_H 1
| #define HAVE_SYS_STAT_H 1
| #define HAVE_STDLIB_H 1
| #define HAVE_STRING_H 1
| #define HAVE_MEMORY_H 1
| #define HAVE_STRINGS_H 1
| #define HAVE_INTTYPES_H 1
| #define HAVE_STDINT_H 1
| #define HAVE_UNISTD_H 1
| /* end confdefs.h.  */
| #include <stdio.h>
| #ifdef HAVE_SYS_TYPES_H
| # include <sys/types.h>
| #endif
| #ifdef HAVE_SYS_STAT_H
| # include <sys/stat.h>
| #endif
| #ifdef STDC_HEADERS
| # include <stdlib.h>
| # include <stddef.h>
| #else
| # ifdef HAVE_STDLIB_H
| #  include <stdlib.h>
| # endif
| #endif
| #ifdef HAVE_STRING_H
| # if !defined STDC_HEADERS && defined HAVE_MEMORY_H
| #  include <memory.h>
| # endif
| # include <string.h>
| #endif
| #ifdef HAVE_STRINGS_H
| # include <strings.h>
| #endif
| #ifdef HAVE_INTTYPES_H
| # include <inttypes.h>
| #endif
| #ifdef HAVE_STDINT_H
| # include <stdint.h>
| #endif
| #ifdef HAVE_UNISTD_H
| # include <unistd.h>
| #endif
| #include <minix/config.h>
configure:3376: result: no
configure:3376: checking minix/config.h presence
configure:3376: gcc -E  conftest.c
conftest.c:19:10: fatal error: minix/config.h: No such file or directory
   19 | #include <minix/config.h>
      |          ^~~~~~~~~~~~~~~~
compilation terminated.
configure:3376: $? = 1
configure: failed program was:
| /* confdefs.h */
| #define PACKAGE_NAME ""
| #define PACKAGE_TARNAME ""
| #define PACKAGE_VERSION ""
| #define PACKAGE_STRING ""
| #define PACKAGE_BUGREPORT ""
| #define PACKAGE_URL ""
| #define STDC_HEADERS 1
| #define HAVE_SYS_TYPES_H 1
| #define HAVE_SYS_STAT_H 1
| #define HAVE_STDLIB_H 1
| #define HAVE_STRING_H 1
| #define HAVE_MEMORY_H 1
| #define HAVE_STRINGS_H 1
| #define HAVE_INTTYPES_H 1
| #define HAVE_STDINT_H 1
| #define HAVE_UNISTD_H 1
| /* end confdefs.h.  */
| #include <minix/config.h>
configure:3376: result: no
configure:3376: checking for minix/config.h
configure:3376: result: no
configure:3397: checking whether it is safe to define __EXTENSIONS__
configure:3415: gcc -c -g -O2  conftest.c >&5
configure:3415: $? = 0
configure:3422: result: yes
configure:3437: checking for library containing strerror
configure:3468: gcc -o conftest -g -O2   conftest.c  >&5
configure:3468: $? = 0
configure:3485: result: none required
configure:3527: checking for ANSI C header files
configure:3631: result: yes
configure:3642: checking for stdlib.h
configure:3642: result: yes
configure:3642: checking for unistd.h
configure:3642: result: yes
configure:3642: checking limits.h usability
configure:3642: gcc -c -g -O2  -I/usr/include conftest.c >&5
configure:3642: $? = 0
configure:3642: result: yes
configure:3642: checking limits.h presence
configure:3642: gcc -E  -I/usr/include conftest.c
configure:3642: $? = 0
configure:3642: result: yes
configure:3642: checking for limits.h
configure:3642: result: yes
configure:3642: checking fcntl.h usability
configure:3642: gcc -c -g -O2  -I/usr/include conftest.c >&5
configure:3642: $? = 0
configure:3642: result: yes
configure:3642: checking fcntl.h presence
configure:3642: gcc -E  -I/usr/include conftest.c
configure:3642: $? = 0
configure:3642: result: yes
configure:3642: checking for fcntl.h
configure:3642: result: yes
configure:3652: checking zlib.h usability
configure:3652: gcc -c -g -O2  -I/usr/include conftest.c >&5
configure:3652: $? = 0
configure:3652: result: yes
configure:3652: checking zlib.h presence
configure:3652: gcc -E  -I/usr/include conftest.c
configure:3652: $? = 0
configure:3652: result: yes
configure:3652: checking for zlib.h
configure:3652: result: yes
configure:3664: checking whether linking with OpenSSL functions requires -ldl
configure:3684: gcc -o conftest -g -O2  -I/usr/include  -L/usr/lib conftest.c -lcrypto -ldl  >&5
conftest.c: In function 'main':
conftest.c:37:5: warning: implicit declaration of function 'SSLeay_add_all_algorithms'; did you mean 'OpenSSL_add_all_algorithms'? [-Wimplicit-function-declaration]
   37 |     SSLeay_add_all_algorithms();
      |     ^~~~~~~~~~~~~~~~~~~~~~~~~
      |     OpenSSL_add_all_algorithms
/bin/ld: /tmp/ccUeO5tO.o: in function `main':
/home/sdnubex/workspace/proftpd/contrib/mod_sftp/conftest.c:37: undefined reference to `SSLeay_add_all_algorithms'
collect2: error: ld returned 1 exit status
configure:3684: $? = 1
configure: failed program was:
| /* confdefs.h */
| #define PACKAGE_NAME ""
| #define PACKAGE_TARNAME ""
| #define PACKAGE_VERSION ""
| #define PACKAGE_STRING ""
| #define PACKAGE_BUGREPORT ""
| #define PACKAGE_URL ""
| #define STDC_HEADERS 1
| #define HAVE_SYS_TYPES_H 1
| #define HAVE_SYS_STAT_H 1
| #define HAVE_STDLIB_H 1
| #define HAVE_STRING_H 1
| #define HAVE_MEMORY_H 1
| #define HAVE_STRINGS_H 1
| #define HAVE_INTTYPES_H 1
| #define HAVE_STDINT_H 1
| #define HAVE_UNISTD_H 1
| #define __EXTENSIONS__ 1
| #define _ALL_SOURCE 1
| #define _GNU_SOURCE 1
| #define _POSIX_PTHREAD_SEMANTICS 1
| #define _TANDEM_SOURCE 1
| #define STDC_HEADERS 1
| #define HAVE_STDLIB_H 1
| #define HAVE_UNISTD_H 1
| #define HAVE_LIMITS_H 1
| #define HAVE_FCNTL_H 1
| #define HAVE_ZLIB_H 1
| /* end confdefs.h.  */
| 
|     #include <openssl/evp.h>
| 
| int
| main ()
| {
| 
|     SSLeay_add_all_algorithms();
| 
|   ;
|   return 0;
| }
configure:3692: result: no
configure:3701: checking whether linking with OpenSSL functions requires -lz
configure:3725: gcc -o conftest -g -O2  -I/usr/include  -L/usr/lib conftest.c -lcrypto -lz  >&5
conftest.c: In function 'main':
conftest.c:40:5: warning: implicit declaration of function 'SSLeay_add_all_algorithms'; did you mean 'OpenSSL_add_all_algorithms'? [-Wimplicit-function-declaration]
   40 |     SSLeay_add_all_algorithms();
      |     ^~~~~~~~~~~~~~~~~~~~~~~~~
      |     OpenSSL_add_all_algorithms
/bin/ld: /tmp/cc2KoxvQ.o: in function `main':
/home/sdnubex/workspace/proftpd/contrib/mod_sftp/conftest.c:40: undefined reference to `SSLeay_add_all_algorithms'
collect2: error: ld returned 1 exit status
configure:3725: $? = 1
configure: failed program was:
| /* confdefs.h */
| #define PACKAGE_NAME ""
| #define PACKAGE_TARNAME ""
| #define PACKAGE_VERSION ""
| #define PACKAGE_STRING ""
| #define PACKAGE_BUGREPORT ""
| #define PACKAGE_URL ""
| #define STDC_HEADERS 1
| #define HAVE_SYS_TYPES_H 1
| #define HAVE_SYS_STAT_H 1
| #define HAVE_STDLIB_H 1
| #define HAVE_STRING_H 1
| #define HAVE_MEMORY_H 1
| #define HAVE_STRINGS_H 1
| #define HAVE_INTTYPES_H 1
| #define HAVE_STDINT_H 1
| #define HAVE_UNISTD_H 1
| #define __EXTENSIONS__ 1
| #define _ALL_SOURCE 1
| #define _GNU_SOURCE 1
| #define _POSIX_PTHREAD_SEMANTICS 1
| #define _TANDEM_SOURCE 1
| #define STDC_HEADERS 1
| #define HAVE_STDLIB_H 1
| #define HAVE_UNISTD_H 1
| #define HAVE_LIMITS_H 1
| #define HAVE_FCNTL_H 1
| #define HAVE_ZLIB_H 1
| /* end confdefs.h.  */
| 
|     #include <openssl/evp.h>
|     #include <openssl/bio.h>
|     #include <openssl/comp.h>
| 
| int
| main ()
| {
| 
|     BIO *bio;
|     SSLeay_add_all_algorithms();
|     bio = BIO_new(BIO_f_zlib());
| 
|   ;
|   return 0;
| }
configure:3733: result: no
configure:3742: checking whether OpenSSL has crippled AES support
configure:3765: gcc -o conftest -g -O2  -I/usr/include  -L/usr/lib conftest.c -lcrypto  >&5
conftest.c: In function 'main':
conftest.c:40:7: warning: assignment discards 'const' qualifier from pointer target type [-Wdiscarded-qualifiers]
   40 |     c = EVP_aes_192_cbc();
      |       ^
conftest.c:41:7: warning: assignment discards 'const' qualifier from pointer target type [-Wdiscarded-qualifiers]
   41 |     c = EVP_aes_256_cbc();
      |       ^
configure:3765: $? = 0
configure:3767: result: no
configure:3785: checking whether OpenSSL supports SHA256
configure:3805: gcc -o conftest -g -O2  -I/usr/include  -L/usr/lib conftest.c -lcrypto  >&5
configure:3805: $? = 0
configure:3807: result: yes
configure:3825: checking whether OpenSSL supports SHA512
configure:3845: gcc -o conftest -g -O2  -I/usr/include  -L/usr/lib conftest.c -lcrypto  >&5
configure:3845: $? = 0
configure:3847: result: yes
configure:3865: checking whether OpenSSL supports EVP_aes_128_ctr
configure:3885: gcc -o conftest -g -O2  -I/usr/include  -L/usr/lib conftest.c -lcrypto  >&5
conftest.c: In function 'main':
conftest.c:40:12: warning: assignment discards 'const' qualifier from pointer target type [-Wdiscarded-qualifiers]
   40 |     cipher = EVP_aes_128_ctr();
      |            ^
configure:3885: $? = 0
configure:3887: result: yes
configure:3905: checking whether OpenSSL supports EVP_aes_192_ctr
configure:3925: gcc -o conftest -g -O2  -I/usr/include  -L/usr/lib conftest.c -lcrypto  >&5
conftest.c: In function 'main':
conftest.c:41:12: warning: assignment discards 'const' qualifier from pointer target type [-Wdiscarded-qualifiers]
   41 |     cipher = EVP_aes_192_ctr();
      |            ^
configure:3925: $? = 0
configure:3927: result: yes
configure:3945: checking whether OpenSSL supports EVP_aes_256_ctr
configure:3965: gcc -o conftest -g -O2  -I/usr/include  -L/usr/lib conftest.c -lcrypto  >&5
conftest.c: In function 'main':
conftest.c:42:12: warning: assignment discards 'const' qualifier from pointer target type [-Wdiscarded-qualifiers]
   42 |     cipher = EVP_aes_256_ctr();
      |            ^
configure:3965: $? = 0
configure:3967: result: yes
configure:3985: checking whether OpenSSL supports EVP_aes_256_gcm
configure:4005: gcc -o conftest -g -O2  -I/usr/include  -L/usr/lib conftest.c -lcrypto  >&5
conftest.c: In function 'main':
conftest.c:43:12: warning: assignment discards 'const' qualifier from pointer target type [-Wdiscarded-qualifiers]
   43 |     cipher = EVP_aes_256_gcm();
      |            ^
configure:4005: $? = 0
configure:4007: result: yes
configure:4025: checking whether OpenSSL supports EVP_chacha20
configure:4045: gcc -o conftest -g -O2  -I/usr/include  -L/usr/lib conftest.c -lcrypto  >&5
conftest.c: In function 'main':
conftest.c:44:12: warning: assignment discards 'const' qualifier from pointer target type [-Wdiscarded-qualifiers]
   44 |     cipher = EVP_chacha20();
      |            ^
configure:4045: $? = 0
configure:4047: result: yes
configure:4065: checking whether OpenSSL supports OSSL_PROVIDER_load
configure:4085: gcc -o conftest -g -O2  -I/usr/include  -L/usr/lib conftest.c -lcrypto  >&5
configure:4085: $? = 0
configure:4087: result: yes
configure:4105: checking whether OpenSSL supports X448 algorithm
configure:4128: gcc -o conftest -g -O2  -I/usr/include  -L/usr/lib conftest.c -lcrypto  >&5
configure:4128: $? = 0
configure:4130: result: yes
configure:4268: creating ./config.status

## ---------------------- ##
## Running config.status. ##
## ---------------------- ##

This file was extended by config.status, which was
generated by GNU Autoconf 2.69.  Invocation command line was

  CONFIG_FILES    = 
  CONFIG_HEADERS  = 
  CONFIG_LINKS    = 
  CONFIG_COMMANDS = 
  $ ./config.status 

on AIV-P-FTP01

config.status:832: creating Makefile
config.status:832: creating mod_sftp.h

## ---------------- ##
## Cache variables. ##
## ---------------- ##

ac_cv_build=x86_64-pc-linux-gnu
ac_cv_c_compiler_gnu=yes
ac_cv_env_CC_set=
ac_cv_env_CC_value=
ac_cv_env_CFLAGS_set=
ac_cv_env_CFLAGS_value=
ac_cv_env_CPPFLAGS_set=
ac_cv_env_CPPFLAGS_value=
ac_cv_env_CPP_set=
ac_cv_env_CPP_value=
ac_cv_env_LDFLAGS_set=
ac_cv_env_LDFLAGS_value=
ac_cv_env_LIBS_set=
ac_cv_env_LIBS_value=
ac_cv_env_build_alias_set=
ac_cv_env_build_alias_value=
ac_cv_env_host_alias_set=
ac_cv_env_host_alias_value=
ac_cv_env_target_alias_set=
ac_cv_env_target_alias_value=
ac_cv_header_fcntl_h=yes
ac_cv_header_inttypes_h=yes
ac_cv_header_limits_h=yes
ac_cv_header_memory_h=yes
ac_cv_header_minix_config_h=no
ac_cv_header_stdc=yes
ac_cv_header_stdint_h=yes
ac_cv_header_stdlib_h=yes
ac_cv_header_string_h=yes
ac_cv_header_strings_h=yes
ac_cv_header_sys_stat_h=yes
ac_cv_header_sys_types_h=yes
ac_cv_header_unistd_h=yes
ac_cv_header_zlib_h=yes
ac_cv_host=x86_64-pc-linux-gnu
ac_cv_objext=o
ac_cv_path_EGREP='/bin/grep -E'
ac_cv_path_GREP=/bin/grep
ac_cv_prog_CPP='gcc -E'
ac_cv_prog_ac_ct_CC=gcc
ac_cv_prog_cc_c89=
ac_cv_prog_cc_g=yes
ac_cv_safe_to_define___extensions__=yes
ac_cv_search_strerror='none required'
ac_cv_target=x86_64-pc-linux-gnu

## ----------------- ##
## Output variables. ##
## ----------------- ##

CC='gcc'
CFLAGS='-g -O2'
CPP='gcc -E'
CPPFLAGS=' -I/usr/include'
DEFS='-DHAVE_CONFIG_H'
ECHO_C=''
ECHO_N='-n'
ECHO_T=''
EGREP='/bin/grep -E'
EXEEXT=''
GREP='/bin/grep'
INCLUDES='-I/usr/include'
LDFLAGS=' -L/usr/lib'
LIBDIRS='-L/usr/lib'
LIBOBJS=''
LIBS=''
LTLIBOBJS=''
MODULE_LIBS=' -lz'
OBJEXT='o'
PACKAGE_BUGREPORT=''
PACKAGE_NAME=''
PACKAGE_STRING=''
PACKAGE_TARNAME=''
PACKAGE_URL=''
PACKAGE_VERSION=''
PATH_SEPARATOR=':'
SHELL='/bin/sh'
ac_ct_CC='gcc'
bindir='${exec_prefix}/bin'
build='x86_64-pc-linux-gnu'
build_alias=''
build_cpu='x86_64'
build_os='linux-gnu'
build_vendor='pc'
datadir='${datarootdir}'
datarootdir='${prefix}/share'
docdir='${datarootdir}/doc/${PACKAGE}'
dvidir='${docdir}'
exec_prefix='${prefix}'
host='x86_64-pc-linux-gnu'
host_alias=''
host_cpu='x86_64'
host_os='linux-gnu'
host_vendor='pc'
htmldir='${docdir}'
includedir='${prefix}/include'
infodir='${datarootdir}/info'
libdir='${exec_prefix}/lib64'
libexecdir='${exec_prefix}/libexec'
localedir='${datarootdir}/locale'
localstatedir='/var'
mandir='${datarootdir}/man'
oldincludedir='/usr/include'
pdfdir='${docdir}'
prefix='/usr'
program_transform_name='s,x,x,'
psdir='${docdir}'
sbindir='${exec_prefix}/sbin'
sharedstatedir='/var'
sysconfdir='/etc'
target='x86_64-pc-linux-gnu'
target_alias=''
target_cpu='x86_64'
target_os='linux-gnu'
target_vendor='pc'

## ----------- ##
## confdefs.h. ##
## ----------- ##

/* confdefs.h */
#define PACKAGE_NAME ""
#define PACKAGE_TARNAME ""
#define PACKAGE_VERSION ""
#define PACKAGE_STRING ""
#define PACKAGE_BUGREPORT ""
#define PACKAGE_URL ""
#define STDC_HEADERS 1
#define HAVE_SYS_TYPES_H 1
#define HAVE_SYS_STAT_H 1
#define HAVE_STDLIB_H 1
#define HAVE_STRING_H 1
#define HAVE_MEMORY_H 1
#define HAVE_STRINGS_H 1
#define HAVE_INTTYPES_H 1
#define HAVE_STDINT_H 1
#define HAVE_UNISTD_H 1
#define __EXTENSIONS__ 1
#define _ALL_SOURCE 1
#define _GNU_SOURCE 1
#define _POSIX_PTHREAD_SEMANTICS 1
#define _TANDEM_SOURCE 1
#define STDC_HEADERS 1
#define HAVE_STDLIB_H 1
#define HAVE_UNISTD_H 1
#define HAVE_LIMITS_H 1
#define HAVE_FCNTL_H 1
#define HAVE_ZLIB_H 1
#define HAVE_SHA256_OPENSSL 1
#define HAVE_SHA512_OPENSSL 1
#define HAVE_EVP_AES_128_CTR_OPENSSL 1
#define HAVE_EVP_AES_192_CTR_OPENSSL 1
#define HAVE_EVP_AES_256_CTR_OPENSSL 1
#define HAVE_EVP_AES_256_GCM_OPENSSL 1
#define HAVE_EVP_CHACHA20_OPENSSL 1
#define HAVE_OSSL_PROVIDER_LOAD_OPENSSL 1
#define HAVE_X448_OPENSSL 1

configure: exit 0
